main.cpp
c1xx: fatal error C1083: Cannot open source file: 'main.cpp': No such file or directory
Showbridge.cpp
c1xx: fatal error C1083: Cannot open source file: 'Showbridge.cpp': No such file or directory
imgui_impl_glfw.cpp
c1xx: fatal error C1083: Cannot open source file: '..\libs\imgui\backends\imgui_impl_glfw.cpp': No such file or directory
imgui_impl_opengl3.cpp
c1xx: fatal error C1083: Cannot open source file: '..\libs\imgui\backends\imgui_impl_opengl3.cpp': No such file or directory
imgui.cpp
c1xx: fatal error C1083: Cannot open source file: '..\libs\imgui\imgui.cpp': No such file or directory
imgui_draw.cpp
c1xx: fatal error C1083: Cannot open source file: '..\libs\imgui\imgui_draw.cpp': No such file or directory
imgui_tables.cpp
c1xx: fatal error C1083: Cannot open source file: '..\libs\imgui\imgui_tables.cpp': No such file or directory
imgui_widgets.cpp
c1xx: fatal error C1083: Cannot open source file: '..\libs\imgui\imgui_widgets.cpp': No such file or directory
DameiSDK.cpp
c1xx: fatal error C1083: Cannot open source file: '..\sdk\DameiSDK.cpp': No such file or directory
EasySocket.cpp
c1xx: fatal error C1083: Cannot open source file: '..\sdk\EasySocket.cpp': No such file or directory
SDKSocket.cpp
c1xx: fatal error C1083: Cannot open source file: '..\sdk\SDKSocket.cpp': No such file or directory
SocketErrors.cpp
c1xx: fatal error C1083: Cannot open source file: '..\sdk\SocketErrors.cpp': No such file or directory
Generating Code...
