main.cpp
---main.cpp is being compiled---
Showbridge.cpp
imgui_impl_glfw.cpp
imgui_impl_opengl3.cpp
imgui.cpp
imgui_draw.cpp
imgui_tables.cpp
imgui_widgets.cpp
DameiSDK.cpp
EasySocket.cpp
SDKSocket.cpp
SocketErrors.cpp
Generating Code...
LINK : 0 new modules and 12 (out of 76) modules have changed since prior linking

Invoking cvtres.exe:
 /machine:amd64
 /verbose
 /out:"C:\Users\USER\AppData\Local\Temp\lnk{4A5A2DFC-A39A-4FAD-ACC0-F98C82650A50}.tmp"
 /readonly
 "Debug\icon.res"
Microsoft (R) Windows Resource To Object Converter Version 14.29.30159.0
Copyright (C) Microsoft Corporation.  All rights reserved.

adding resource. type:ICON, name:1, language:0x0409, flags:0x1010, size:270376
adding resource. type:ICON, name:2, language:0x0409, flags:0x1010, size:67624
adding resource. type:ICON, name:3, language:0x0409, flags:0x1010, size:16936
adding resource. type:ICON, name:4, language:0x0409, flags:0x1010, size:4264
adding resource. type:GROUP_ICON, name:1, language:0x0409, flags:0x1030, size:62

Searching libraries
    Searching ..\libs\glfw\lib\glfw3.lib:

Finished searching libraries
Starting pass 2
     icon.res
     SocketErrors.obj
     SDKSocket.obj
     EasySocket.obj
     DameiSDK.obj
     imgui_widgets.obj
     imgui_tables.obj
     imgui_draw.obj
     imgui.obj
     imgui_impl_opengl3.obj
     imgui_impl_glfw.obj
     Showbridge.obj
     main.obj
     MSVCRT.lib(loadcfg.obj)
Finished pass 2
